TN:
SF:/Users/tangweikun/Playground/long-claw/src/compareAppVersion/index.js
FN:1,shouldUpgrade
FNF:1
FNH:1
FNDA:13,shouldUpgrade
DA:2,13
DA:3,13
DA:5,13
DA:6,32
DA:7,32
DA:8,32
DA:9,26
DA:12,4
LF:8
LH:8
BRDA:5,0,0,36
BRDA:5,0,1,8
BRDA:6,1,0,32
BRDA:6,1,1,15
BRDA:7,2,0,32
BRDA:7,2,1,17
BRDA:8,3,0,6
BRDA:8,3,1,26
BRDA:9,4,0,3
BRDA:9,4,1,23
BRF:10
BRH:10
end_of_record
TN:
SF:/Users/tangweikun/Playground/long-claw/src/convertFunctionNameToCamelCase/index.js
FN:1,(anonymous_0)
FN:2,(anonymous_1)
FNF:2
FNH:2
FNDA:4,(anonymous_0)
FNDA:8,(anonymous_1)
DA:1,1
DA:2,8
LF:2
LH:2
BRF:0
BRH:0
end_of_record
TN:
SF:/Users/tangweikun/Playground/long-claw/src/findUniqueElement/index.js
FN:1,findUniqueElement
FN:3,(anonymous_1)
FN:11,(anonymous_2)
FNF:3
FNH:3
FNDA:2,findUniqueElement
FNDA:11,(anonymous_1)
FNDA:7,(anonymous_2)
DA:2,2
DA:3,2
DA:4,11
DA:5,4
DA:7,7
DA:11,7
LF:6
LH:6
BRDA:4,0,0,4
BRDA:4,0,1,7
BRDA:11,1,0,7
BRDA:11,1,1,7
BRF:4
BRH:4
end_of_record
TN:
SF:/Users/tangweikun/Playground/long-claw/src/isPowerOf2/index.js
FN:2,isPowerOf2
FNF:1
FNH:1
FNDA:14,isPowerOf2
DA:3,14
DA:4,11
DA:5,8
LF:3
LH:3
BRDA:3,0,0,3
BRDA:3,0,1,11
BRDA:4,1,0,3
BRDA:4,1,1,8
BRF:4
BRH:4
end_of_record
TN:
SF:/Users/tangweikun/Playground/long-claw/src/lengthOfLastWord/index.js
FN:1,lengthOfLastWord
FN:15,lengthOfLastWordPro
FN:27,lengthOfLastWordPro2
FNF:3
FNH:1
FNDA:5,lengthOfLastWord
FNDA:0,lengthOfLastWordPro
FNDA:0,lengthOfLastWordPro2
DA:2,5
DA:3,5
DA:4,5
DA:6,5
DA:7,14
DA:8,12
DA:9,14
DA:12,5
DA:16,0
DA:17,0
DA:19,0
DA:20,0
DA:23,0
DA:28,0
DA:29,0
LF:15
LH:8
BRDA:7,0,0,2
BRDA:7,0,1,12
BRDA:19,1,0,0
BRDA:19,1,1,0
BRF:4
BRH:2
end_of_record
TN:
SF:/Users/tangweikun/Playground/long-claw/src/listDelete/index.js
FN:1,(anonymous_0)
FNF:1
FNH:1
FNDA:6,(anonymous_0)
DA:1,1
DA:2,6
DA:3,6
DA:5,6
DA:7,4
DA:8,9
DA:9,9
DA:11,4
DA:13,4
LF:9
LH:9
BRDA:5,0,0,2
BRDA:5,0,1,4
BRDA:5,1,0,6
BRDA:5,1,1,5
BRF:4
BRH:4
end_of_record
TN:
SF:/Users/tangweikun/Playground/long-claw/src/listInsert/index.js
FN:1,(anonymous_0)
FNF:1
FNH:1
FNDA:4,(anonymous_0)
DA:1,1
DA:2,4
DA:3,4
DA:5,4
DA:7,2
DA:8,5
DA:9,5
DA:11,2
DA:13,2
LF:9
LH:9
BRDA:5,0,0,2
BRDA:5,0,1,2
BRDA:5,1,0,4
BRDA:5,1,1,3
BRF:4
BRH:4
end_of_record
TN:
SF:/Users/tangweikun/Playground/long-claw/src/longestCommonPrefix/index.js
FN:1,longestCommonPrefix
FNF:1
FNH:1
FNDA:6,longestCommonPrefix
DA:2,6
DA:3,6
DA:5,5
DA:6,5
DA:8,5
DA:9,5
DA:10,5
DA:11,14
DA:12,12
DA:14,2
DA:15,2
DA:18,5
DA:21,5
LF:13
LH:13
BRDA:3,0,0,1
BRDA:3,0,1,5
BRDA:8,1,0,10
BRDA:8,1,1,5
BRDA:11,2,0,12
BRDA:11,2,1,2
BRF:6
BRH:6
end_of_record
TN:
SF:/Users/tangweikun/Playground/long-claw/src/longestSubstringWithoutRepeatingCharacters/index.js
FN:2,getLengthOfLongestSubstring
FN:22,lengthOfLongestSubstring2
FN:45,lengthOfLongestSubstring
FNF:3
FNH:1
FNDA:0,getLengthOfLongestSubstring
FNDA:0,lengthOfLongestSubstring2
FNDA:6,lengthOfLongestSubstring
DA:3,0
DA:4,0
DA:5,0
DA:6,0
DA:8,0
DA:9,0
DA:10,0
DA:11,0
DA:12,0
DA:15,0
DA:18,0
DA:23,0
DA:24,0
DA:25,0
DA:26,0
DA:27,0
DA:29,0
DA:31,0
DA:32,0
DA:33,0
DA:34,0
DA:36,0
DA:37,0
DA:41,0
DA:46,6
DA:47,6
DA:48,6
DA:49,6
DA:50,6
DA:51,31020
DA:52,30914
DA:54,31020
DA:55,31020
DA:58,6
LF:34
LH:10
BRDA:9,0,0,0
BRDA:9,0,1,0
BRDA:29,1,0,0
BRDA:29,1,1,0
BRDA:31,2,0,0
BRDA:31,2,1,0
BRDA:51,3,0,30914
BRDA:51,3,1,106
BRF:8
BRH:2
end_of_record
TN:
SF:/Users/tangweikun/Playground/long-claw/src/map/index.js
FN:1,map
FNF:1
FNH:1
FNDA:4,map
DA:2,4
DA:3,4
DA:4,3
DA:5,5
DA:8,3
DA:11,1
LF:6
LH:6
BRDA:3,0,0,3
BRDA:3,0,1,1
BRF:2
BRH:2
end_of_record
TN:
SF:/Users/tangweikun/Playground/long-claw/src/minQueue/index.js
FN:2,(anonymous_0)
FN:6,(anonymous_1)
FN:31,(anonymous_2)
FN:39,(anonymous_3)
FNF:4
FNH:4
FNDA:9,(anonymous_0)
FNDA:38,(anonymous_1)
FNDA:15,(anonymous_2)
FNDA:9,(anonymous_3)
DA:2,1
DA:3,9
DA:4,9
DA:6,9
DA:7,38
DA:8,9
DA:9,9
DA:11,29
DA:12,29
DA:13,43
DA:14,21
DA:16,22
DA:18,43
DA:21,29
DA:22,7
DA:23,22
DA:24,22
DA:27,29
DA:31,9
DA:32,15
DA:33,15
DA:34,3
DA:36,15
DA:39,9
LF:24
LH:24
BRDA:7,0,0,9
BRDA:7,0,1,29
BRDA:13,1,0,21
BRDA:13,1,1,22
BRDA:21,2,0,7
BRDA:21,2,1,22
BRDA:23,3,0,22
BRDA:23,3,1,0
BRDA:32,4,0,0
BRDA:32,4,1,15
BRDA:33,5,0,3
BRDA:33,5,1,12
BRF:12
BRH:10
end_of_record
TN:
SF:/Users/tangweikun/Playground/long-claw/src/minStack/index.js
FN:1,(anonymous_0)
FN:4,(anonymous_1)
FN:6,(anonymous_2)
FN:9,(anonymous_3)
FN:11,(anonymous_4)
FN:13,(anonymous_5)
FNF:6
FNH:5
FNDA:4,(anonymous_0)
FNDA:3,(anonymous_1)
FNDA:4,(anonymous_2)
FNDA:0,(anonymous_3)
FNDA:4,(anonymous_4)
FNDA:15,(anonymous_5)
DA:1,1
DA:2,4
DA:4,4
DA:6,4
DA:7,4
DA:9,4
DA:11,4
DA:13,4
DA:15,15
DA:18,15
LF:10
LH:10
BRDA:7,0,0,4
BRDA:7,0,1,4
BRDA:15,1,0,11
BRDA:15,1,1,4
BRF:4
BRH:4
end_of_record
TN:
SF:/Users/tangweikun/Playground/long-claw/src/palindromeNumber/index.js
FN:2,isPalindrome
FNF:1
FNH:1
FNDA:9,isPalindrome
DA:3,9
DA:5,8
DA:6,8
DA:7,8
DA:8,8
DA:9,13
DA:10,11
DA:13,6
LF:8
LH:8
BRDA:3,0,0,1
BRDA:3,0,1,8
BRDA:9,1,0,2
BRDA:9,1,1,11
BRF:4
BRH:4
end_of_record
TN:
SF:/Users/tangweikun/Playground/long-claw/src/primeNumber/index.js
FN:1,isPrime
FNF:1
FNH:1
FNDA:6,isPrime
DA:2,6
DA:3,6
DA:4,6
DA:6,6
DA:7,14
DA:8,12
DA:11,4
LF:7
LH:7
BRDA:2,0,0,0
BRDA:2,0,1,6
BRDA:7,1,0,2
BRDA:7,1,1,12
BRF:4
BRH:3
end_of_record
TN:
SF:/Users/tangweikun/Playground/long-claw/src/searchInsertPosition/index.js
FN:1,searchInsert1
FN:12,searchInsert2
FN:28,searchInsert
FN:34,binarySearch
FNF:4
FNH:2
FNDA:0,searchInsert1
FNDA:0,searchInsert2
FNDA:6,searchInsert
FNDA:4,binarySearch
DA:2,0
DA:3,0
DA:4,0
DA:5,0
DA:6,0
DA:7,0
DA:9,0
DA:13,0
DA:14,0
DA:15,0
DA:16,0
DA:17,0
DA:18,0
DA:19,0
DA:20,0
DA:21,0
DA:22,0
DA:25,0
DA:29,6
DA:30,5
DA:31,2
DA:35,4
DA:36,4
DA:37,3
DA:38,2
DA:39,1
DA:42,1
DA:43,1
DA:44,1
LF:29
LH:11
BRDA:5,0,0,0
BRDA:5,0,1,0
BRDA:6,1,0,0
BRDA:6,1,1,0
BRDA:18,2,0,0
BRDA:18,2,1,0
BRDA:20,3,0,0
BRDA:20,3,1,0
BRDA:29,4,0,1
BRDA:29,4,1,5
BRDA:30,5,0,3
BRDA:30,5,1,2
BRDA:37,6,0,1
BRDA:37,6,1,2
BRDA:38,7,0,1
BRDA:38,7,1,1
BRDA:42,8,0,0
BRDA:42,8,1,1
BRDA:43,9,0,0
BRDA:43,9,1,1
BRF:20
BRH:10
end_of_record
TN:
SF:/Users/tangweikun/Playground/long-claw/src/simplePatternMatching/index.js
FN:1,getIndex
FNF:1
FNH:1
FNDA:4,getIndex
DA:2,4
DA:3,4
DA:4,4
DA:5,4
DA:7,4
DA:8,21
DA:9,10
DA:10,10
DA:12,11
DA:13,11
DA:17,4
DA:18,3
DA:20,1
LF:13
LH:13
BRDA:1,0,0,0
BRDA:7,1,0,25
BRDA:7,1,1,23
BRDA:8,2,0,10
BRDA:8,2,1,11
BRDA:17,3,0,3
BRDA:17,3,1,1
BRF:7
BRH:6
end_of_record
TN:
SF:/Users/tangweikun/Playground/long-claw/src/swapPosition/index.js
FN:2,swapPosition
FNF:1
FNH:1
FNDA:3,swapPosition
DA:3,3
DA:4,3
DA:5,3
DA:6,3
DA:8,3
LF:5
LH:5
BRF:0
BRH:0
end_of_record
TN:
SF:/Users/tangweikun/Playground/long-claw/src/unionList/index.js
FN:1,(anonymous_0)
FN:6,(anonymous_1)
FN:7,(anonymous_2)
FNF:3
FNH:3
FNDA:4,(anonymous_0)
FNDA:10,(anonymous_1)
FNDA:30,(anonymous_2)
DA:1,1
DA:2,4
DA:3,4
DA:4,4
DA:6,4
DA:7,30
DA:8,7
DA:12,4
LF:8
LH:8
BRDA:7,0,0,7
BRDA:7,0,1,3
BRF:2
BRH:2
end_of_record
TN:
SF:/Users/tangweikun/Playground/long-claw/src/validParentheses/index.js
FN:1,isValidParentheses
FN:20,isPair
FN:27,isOdd
FN:31,isClosingParenthese
FNF:4
FNH:4
FNDA:8,isValidParentheses
FNDA:25,isPair
FNDA:8,isOdd
FNDA:14,isClosingParenthese
DA:2,8
DA:3,8
DA:4,8
DA:6,6
DA:7,6
DA:8,6
DA:9,25
DA:11,14
DA:12,13
DA:14,24
DA:17,5
DA:21,25
DA:22,21
DA:23,18
DA:24,14
DA:28,8
DA:32,14
DA:33,13
LF:18
LH:18
BRDA:4,0,0,2
BRDA:4,0,1,6
BRDA:9,1,0,11
BRDA:9,1,1,14
BRDA:11,2,0,1
BRDA:11,2,1,13
BRDA:21,3,0,4
BRDA:21,3,1,21
BRDA:21,4,0,25
BRDA:21,4,1,4
BRDA:22,5,0,3
BRDA:22,5,1,18
BRDA:22,6,0,21
BRDA:22,6,1,6
BRDA:23,7,0,4
BRDA:23,7,1,14
BRDA:23,8,0,18
BRDA:23,8,1,8
BRDA:32,9,0,1
BRDA:32,9,1,13
BRDA:32,10,0,14
BRDA:32,10,1,14
BRDA:32,10,2,13
BRF:23
BRH:23
end_of_record
